[19:24:43] [main/INFO]: Loading Minecraft 1.21.4 with Fabric Loader 0.16.14
[19:24:43] [main/INFO]: Loading 4 mods:
	- fabricloader 0.16.14
	   \-- mixinextras 0.4.1
	- java 21
	- minecraft 1.21.4
[19:24:43] [main/WARN]: Found 1 non-fabric mod:
	- MaFgLib-0.3.2-mc1.21.4.jar
[19:24:43] [main/INFO]: SpongePowered MIXIN Subsystem Version=0.8.7 Source=file:/workspaces/Tecnicold-1.21.4/servidor_minecraft/libraries/net/fabricmc/sponge-mixin/0.15.5+mixin.0.8.7/sponge-mixin-0.15.5+mixin.0.8.7.jar Service=Knot/Fabric Env=SERVER
[19:24:49] [main/INFO]: Environment: Environment[sessionHost=https://sessionserver.mojang.com, servicesHost=https://api.minecraftservices.com, name=PROD]
[19:24:51] [main/INFO]: Loaded 1370 recipes
[19:24:51] [main/INFO]: Loaded 1481 advancements
[19:24:51] [Server thread/INFO]: Starting minecraft server version 1.21.4
[19:24:51] [Server thread/INFO]: Loading properties
[19:24:51] [Server thread/INFO]: Default game type: SURVIVAL
[19:24:51] [Server thread/INFO]: Generating keypair
[19:24:51] [Server thread/INFO]: Starting Minecraft server on *:25565
[19:24:51] [Server thread/INFO]: Using epoll channel type
[19:24:51] [Server thread/WARN]: **** SERVER IS RUNNING IN OFFLINE/INSECURE MODE!
[19:24:51] [Server thread/WARN]: The server will make no attempt to authenticate usernames. Beware.
[19:24:51] [Server thread/WARN]: While this makes the game possible to play without internet access, it also opens up the ability for hackers to connect with any username they choose.
[19:24:51] [Server thread/WARN]: To change this, set "online-mode" to "true" in the server.properties file.
[19:24:51] [Server thread/INFO]: Preparing level "world"
[19:24:52] [Server thread/INFO]: Preparing start region for dimension minecraft:overworld
[19:24:55] [Worker-Main-2/INFO]: Preparing spawn area: 0%
[19:24:55] [Worker-Main-2/INFO]: Preparing spawn area: 0%
[19:24:55] [Worker-Main-2/INFO]: Preparing spawn area: 0%
[19:24:55] [Worker-Main-2/INFO]: Preparing spawn area: 0%
[19:24:55] [Worker-Main-2/INFO]: Preparing spawn area: 0%
[19:24:55] [Worker-Main-2/INFO]: Preparing spawn area: 0%
[19:24:55] [Worker-Main-2/INFO]: Preparing spawn area: 0%
[19:24:55] [Server thread/INFO]: Time elapsed: 3100 ms
[19:24:55] [Server thread/INFO]: Done (3.340s)! For help, type "help"
[19:25:55] [Server thread/INFO]: Server empty for 60 seconds, pausing
[19:38:10] [Server thread/INFO]: Unknown or incomplete command, see below for error
[19:38:10] [Server thread/INFO]: home/codespace/.python/current/bin/python /workspaces/Tecnicold-1.21.4/msx.py<--[HERE]
